<?xml version="1.0" encoding="utf-8"?><testsuites name="pytest tests"><testsuite name="pytest" errors="0" failures="1" skipped="0" tests="16" time="17.578" timestamp="2026-04-06T15:39:31.091022+00:00" hostname="agent-env-67126371-86ad-45de-84c8-ed5778de0e47"><testcase classname="backend.tests.test_euromillions.TestEuroMillionsHealth" name="test_euromillions_health" time="12.929" /><testcase classname="backend.tests.test_euromillions.TestEuroMillionsDraws" name="test_get_draws_default" time="0.240" /><testcase classname="backend.tests.test_euromillions.TestEuroMillionsDraws" name="test_get_draws_with_limit" time="0.192" /><testcase classname="backend.tests.test_euromillions.TestEuroMillionsDraws" name="test_draws_sorted_by_date" time="0.191" /><testcase classname="backend.tests.test_euromillions.TestEuroMillionsMasterPredictor" name="test_basic_prediction" time="0.193" /><testcase classname="backend.tests.test_euromillions.TestEuroMillionsMasterPredictor" name="test_p1_p2_constant_sum_37" time="0.241"><failure message="AssertionError: P1+P2=37 match rate too low: 0.0%&#10;assert 0.0 &gt;= 0.5">backend/tests/test_euromillions.py:159: in test_p1_p2_constant_sum_37
    assert match_rate &gt;= 0.5, f"P1+P2=37 match rate too low: {match_rate:.1%}"
E   AssertionError: P1+P2=37 match rate too low: 0.0%
E   assert 0.0 &gt;= 0.5</failure></testcase><testcase classname="backend.tests.test_euromillions.TestEuroMillionsMasterPredictor" name="test_scenario_rotation_with_5_tickets" time="0.188" /><testcase classname="backend.tests.test_euromillions.TestEuroMillionsMasterPredictor" name="test_prediction_with_birthday" time="0.140" /><testcase classname="backend.tests.test_euromillions.TestEuroMillionsMasterPredictor" name="test_prediction_with_name" time="0.142" /><testcase classname="backend.tests.test_euromillions.TestEuroMillionsMasterPredictor" name="test_prediction_without_birthday_or_name" time="0.172" /><testcase classname="backend.tests.test_euromillions.TestEuroMillionsMasterPredictor" name="test_multiple_tickets_unique" time="0.193" /><testcase classname="backend.tests.test_euromillions.TestEuroMillionsMasterPredictor" name="test_stars_in_valid_range" time="0.275" /><testcase classname="backend.tests.test_euromillions.TestEuroMillionsMasterPredictor" name="test_response_includes_pricing" time="0.173" /><testcase classname="backend.tests.test_euromillions.TestEuroMillionsStats" name="test_get_stats" time="0.195" /><testcase classname="backend.tests.test_euromillions.TestDataSync" name="test_sync_data_files" time="0.434" /><testcase classname="backend.tests.test_euromillions.TestCirclePartnerCalculations" name="test_multiple_predictions_no_crash" time="1.357" /></testsuite></testsuites>