<?xml version="1.0" encoding="utf-8"?><testsuites name="pytest tests"><testsuite name="pytest" errors="0" failures="0" skipped="0" tests="17" time="5.268" timestamp="2026-04-06T15:48:18.885747+00:00" hostname="agent-env-67126371-86ad-45de-84c8-ed5778de0e47"><testcase classname="backend.tests.test_euromillions.TestEuroMillionsHealth" name="test_euromillions_health" time="0.193" /><testcase classname="backend.tests.test_euromillions.TestEuroMillionsDraws" name="test_get_draws_default" time="0.160" /><testcase classname="backend.tests.test_euromillions.TestEuroMillionsDraws" name="test_get_draws_with_limit" time="0.160" /><testcase classname="backend.tests.test_euromillions.TestEuroMillionsDraws" name="test_draws_sorted_by_date" time="0.153" /><testcase classname="backend.tests.test_euromillions.TestEuroMillionsMasterPredictor" name="test_basic_prediction" time="0.141" /><testcase classname="backend.tests.test_euromillions.TestEuroMillionsMasterPredictor" name="test_p1_p2_constant_sum_37" time="0.223" /><testcase classname="backend.tests.test_euromillions.TestEuroMillionsMasterPredictor" name="test_p1_p2_sum_37_with_sorting_verification" time="0.238" /><testcase classname="backend.tests.test_euromillions.TestEuroMillionsMasterPredictor" name="test_scenario_rotation_with_5_tickets" time="0.257" /><testcase classname="backend.tests.test_euromillions.TestEuroMillionsMasterPredictor" name="test_prediction_with_birthday" time="0.162" /><testcase classname="backend.tests.test_euromillions.TestEuroMillionsMasterPredictor" name="test_prediction_with_name" time="0.145" /><testcase classname="backend.tests.test_euromillions.TestEuroMillionsMasterPredictor" name="test_prediction_without_birthday_or_name" time="0.178" /><testcase classname="backend.tests.test_euromillions.TestEuroMillionsMasterPredictor" name="test_multiple_tickets_unique" time="0.202" /><testcase classname="backend.tests.test_euromillions.TestEuroMillionsMasterPredictor" name="test_stars_in_valid_range" time="0.260" /><testcase classname="backend.tests.test_euromillions.TestEuroMillionsMasterPredictor" name="test_response_includes_pricing" time="0.170" /><testcase classname="backend.tests.test_euromillions.TestEuroMillionsStats" name="test_get_stats" time="0.155" /><testcase classname="backend.tests.test_euromillions.TestDataSync" name="test_sync_data_files" time="0.792" /><testcase classname="backend.tests.test_euromillions.TestCirclePartnerCalculations" name="test_multiple_predictions_no_crash" time="1.435" /></testsuite></testsuites>