<?xml version="1.0" encoding="utf-8"?><testsuites name="pytest tests"><testsuite name="pytest" errors="0" failures="0" skipped="0" tests="16" time="4.323" timestamp="2026-04-03T09:25:20.909647+00:00" hostname="agent-env-670c39f9-6c7e-45c4-ab0c-f54183a10ac3"><testcase classname="backend.tests.test_euromillions.TestEuroMillionsHealth" name="test_health_endpoint" time="0.310" /><testcase classname="backend.tests.test_euromillions.TestEuroMillionsDraws" name="test_draws_endpoint_returns_data" time="0.199" /><testcase classname="backend.tests.test_euromillions.TestEuroMillionsDraws" name="test_draws_structure" time="0.235" /><testcase classname="backend.tests.test_euromillions.TestEuroMillionsStats" name="test_stats_endpoint" time="0.171" /><testcase classname="backend.tests.test_euromillions.TestEuroMillionsStats" name="test_stats_number_frequency" time="0.191" /><testcase classname="backend.tests.test_euromillions.TestEuroMillionsMasterPredictor" name="test_master_predictor_basic" time="0.223" /><testcase classname="backend.tests.test_euromillions.TestEuroMillionsMasterPredictor" name="test_master_predictor_multiple_tickets" time="0.182" /><testcase classname="backend.tests.test_euromillions.TestEuroMillionsMasterPredictor" name="test_master_predictor_with_birthday" time="0.199" /><testcase classname="backend.tests.test_euromillions.TestEuroMillionsMasterPredictor" name="test_master_predictor_with_name" time="0.176" /><testcase classname="backend.tests.test_euromillions.TestEuroMillionsMasterPredictor" name="test_master_predictor_with_locked_positions" time="0.205" /><testcase classname="backend.tests.test_euromillions.TestEuroMillionsAnalyzeTicket" name="test_analyze_ticket_valid" time="0.197" /><testcase classname="backend.tests.test_euromillions.TestEuroMillionsAnalyzeTicket" name="test_analyze_ticket_invalid_numbers" time="0.155" /><testcase classname="backend.tests.test_euromillions.TestEuroMillionsAnalyzeTicket" name="test_analyze_ticket_invalid_stars" time="0.145" /><testcase classname="backend.tests.test_euromillions.TestSwissLottoAPI" name="test_root_endpoint" time="0.146" /><testcase classname="backend.tests.test_euromillions.TestSwissLottoAPI" name="test_dashboard_endpoint" time="0.176" /><testcase classname="backend.tests.test_euromillions.TestSwissLottoAPI" name="test_master_predictor_swiss" time="0.217" /></testsuite></testsuites>