<?xml version="1.0" encoding="utf-8"?><testsuites name="pytest tests"><testsuite name="pytest" errors="0" failures="0" skipped="0" tests="30" time="13.524" timestamp="2026-04-06T20:12:42.603006+00:00" hostname="agent-env-821ccd74-83c1-4f55-88d6-67a6ec068af6"><testcase classname="backend.tests.test_euromillions_musical_generator.TestEndpointStability" name="test_basic_request_no_crash" time="0.463" /><testcase classname="backend.tests.test_euromillions_musical_generator.TestEndpointStability" name="test_multiple_tickets_no_crash" time="0.304" /><testcase classname="backend.tests.test_euromillions_musical_generator.TestEndpointStability" name="test_max_tickets_no_crash" time="0.859" /><testcase classname="backend.tests.test_euromillions_musical_generator.TestEndpointStability" name="test_with_birthday_no_crash" time="0.181" /><testcase classname="backend.tests.test_euromillions_musical_generator.TestEndpointStability" name="test_with_name_no_crash" time="0.183" /><testcase classname="backend.tests.test_euromillions_musical_generator.TestEndpointStability" name="test_repeated_requests_no_crash" time="1.378" /><testcase classname="backend.tests.test_euromillions_musical_generator.TestValidEuroMillionsNumbers" name="test_numbers_in_valid_range_1_50" time="0.416" /><testcase classname="backend.tests.test_euromillions_musical_generator.TestValidEuroMillionsNumbers" name="test_stars_in_valid_range_1_12" time="0.993" /><testcase classname="backend.tests.test_euromillions_musical_generator.TestValidEuroMillionsNumbers" name="test_exactly_5_numbers_per_ticket" time="0.709" /><testcase classname="backend.tests.test_euromillions_musical_generator.TestValidEuroMillionsNumbers" name="test_exactly_2_stars_per_ticket" time="0.564" /><testcase classname="backend.tests.test_euromillions_musical_generator.TestValidEuroMillionsNumbers" name="test_numbers_are_unique_within_ticket" time="0.267" /><testcase classname="backend.tests.test_euromillions_musical_generator.TestValidEuroMillionsNumbers" name="test_stars_are_unique_within_ticket" time="0.341" /><testcase classname="backend.tests.test_euromillions_musical_generator.TestValidEuroMillionsNumbers" name="test_numbers_are_sorted" time="0.377" /><testcase classname="backend.tests.test_euromillions_musical_generator.TestThreeScenarioArchitecture" name="test_response_has_tickets_array" time="0.327" /><testcase classname="backend.tests.test_euromillions_musical_generator.TestThreeScenarioArchitecture" name="test_each_ticket_has_scenario" time="0.271" /><testcase classname="backend.tests.test_euromillions_musical_generator.TestThreeScenarioArchitecture" name="test_three_scenarios_present" time="0.263" /><testcase classname="backend.tests.test_euromillions_musical_generator.TestThreeScenarioArchitecture" name="test_ticket_structure_complete" time="0.283" /><testcase classname="backend.tests.test_euromillions_musical_generator.TestThreeScenarioArchitecture" name="test_response_has_pricing_info" time="0.341" /><testcase classname="backend.tests.test_euromillions_musical_generator.TestThreeScenarioArchitecture" name="test_position_reasons_present" time="0.239" /><testcase classname="backend.tests.test_euromillions_musical_generator.TestMusicalPatterns" name="test_patterns_used_contains_musical" time="0.307" /><testcase classname="backend.tests.test_euromillions_musical_generator.TestMusicalPatterns" name="test_circle_patterns_present" time="0.444" /><testcase classname="backend.tests.test_euromillions_musical_generator.TestMusicalPatterns" name="test_addition_songs_in_tickets" time="0.352" /><testcase classname="backend.tests.test_euromillions_musical_generator.TestNoDuplicateTickets" name="test_no_duplicate_tickets_in_single_request" time="0.427" /><testcase classname="backend.tests.test_euromillions_musical_generator.TestNoDuplicateTickets" name="test_variation_across_requests" time="0.747" /><testcase classname="backend.tests.test_euromillions_musical_generator.TestEdgeCases" name="test_single_ticket_request" time="0.230" /><testcase classname="backend.tests.test_euromillions_musical_generator.TestEdgeCases" name="test_zero_tickets_request" time="0.160" /><testcase classname="backend.tests.test_euromillions_musical_generator.TestEdgeCases" name="test_negative_tickets_request" time="0.351" /><testcase classname="backend.tests.test_euromillions_musical_generator.TestEdgeCases" name="test_large_tickets_request_capped" time="1.184" /><testcase classname="backend.tests.test_euromillions_musical_generator.TestEdgeCases" name="test_empty_request_body" time="0.161" /><testcase classname="backend.tests.test_euromillions_musical_generator.TestEdgeCases" name="test_invalid_birthday_format" time="0.184" /></testsuite></testsuites>