<?xml version="1.0" encoding="utf-8"?><testsuites name="pytest tests"><testsuite name="pytest" errors="0" failures="0" skipped="0" tests="28" time="6.358" timestamp="2026-04-06T21:53:58.295112+00:00" hostname="agent-env-821ccd74-83c1-4f55-88d6-67a6ec068af6"><testcase classname="tests.test_jack_patterns.TestJackPatternsModuleImport" name="test_jack_patterns_module_exists" time="0.001" /><testcase classname="tests.test_jack_patterns.TestJackPatternsModuleImport" name="test_circle_function" time="0.000" /><testcase classname="tests.test_jack_patterns.TestJackPatternsModuleImport" name="test_reverse_num_function" time="0.001" /><testcase classname="tests.test_jack_patterns.TestMasterPredictorEndpoint" name="test_endpoint_returns_200" time="0.229" /><testcase classname="tests.test_jack_patterns.TestMasterPredictorEndpoint" name="test_response_structure" time="0.209" /><testcase classname="tests.test_jack_patterns.TestValidEuroMillionsNumbers" name="test_numbers_in_valid_range_1_50" time="0.199" /><testcase classname="tests.test_jack_patterns.TestValidEuroMillionsNumbers" name="test_stars_in_valid_range_1_12" time="0.195" /><testcase classname="tests.test_jack_patterns.TestValidEuroMillionsNumbers" name="test_exactly_5_numbers_per_ticket" time="0.206" /><testcase classname="tests.test_jack_patterns.TestValidEuroMillionsNumbers" name="test_exactly_2_stars_per_ticket" time="0.198" /><testcase classname="tests.test_jack_patterns.TestValidEuroMillionsNumbers" name="test_numbers_are_unique_within_ticket" time="0.212" /><testcase classname="tests.test_jack_patterns.TestValidEuroMillionsNumbers" name="test_numbers_are_sorted" time="0.190" /><testcase classname="tests.test_jack_patterns.TestThreeScenarioArchitecture" name="test_each_ticket_has_scenario" time="0.223" /><testcase classname="tests.test_jack_patterns.TestThreeScenarioArchitecture" name="test_three_scenarios_present" time="0.202" /><testcase classname="tests.test_jack_patterns.TestThreeScenarioArchitecture" name="test_ticket_structure_complete" time="0.172" /><testcase classname="tests.test_jack_patterns.TestJackPatternsInOutput" name="test_patterns_used_is_array" time="0.176" /><testcase classname="tests.test_jack_patterns.TestJackPatternsInOutput" name="test_jack_patterns_appear_in_output" time="0.253" /><testcase classname="tests.test_jack_patterns.TestJackPatternsInOutput" name="test_musical_patterns_present" time="0.243" /><testcase classname="tests.test_jack_patterns.TestNoDuplicateTickets" name="test_no_duplicate_tickets_in_single_request" time="0.320" /><testcase classname="tests.test_jack_patterns.TestNoDuplicateTickets" name="test_variation_across_requests" time="0.942" /><testcase classname="tests.test_jack_patterns.TestEdgeCases" name="test_single_ticket_request" time="0.155" /><testcase classname="tests.test_jack_patterns.TestEdgeCases" name="test_multiple_tickets_request" time="0.204" /><testcase classname="tests.test_jack_patterns.TestEdgeCases" name="test_with_birthday_parameter" time="0.189" /><testcase classname="tests.test_jack_patterns.TestEdgeCases" name="test_with_name_parameter" time="0.176" /><testcase classname="tests.test_jack_patterns.TestEdgeCases" name="test_empty_request_body" time="0.154" /><testcase classname="tests.test_jack_patterns.TestDetailedPatternAnalysis" name="test_p1_counting_pattern_present" time="0.305" /><testcase classname="tests.test_jack_patterns.TestDetailedPatternAnalysis" name="test_neighborhood_hunger_pattern" time="0.256" /><testcase classname="tests.test_jack_patterns.TestDetailedPatternAnalysis" name="test_eight_family_pattern" time="0.255" /><testcase classname="tests.test_jack_patterns.TestResponseJSONStructure" name="test_complete_response_structure" time="0.175" /></testsuite></testsuites>