<?xml version="1.0" encoding="utf-8"?><testsuites name="pytest tests"><testsuite name="pytest" errors="0" failures="0" skipped="0" tests="18" time="3.227" timestamp="2026-04-03T10:40:43.645838+00:00" hostname="agent-env-670c39f9-6c7e-45c4-ab0c-f54183a10ac3"><testcase classname="backend.tests.test_lottery_features.TestSwissLottoMode" name="test_swiss_lotto_root_endpoint" time="0.297" /><testcase classname="backend.tests.test_lottery_features.TestSwissLottoMode" name="test_swiss_lotto_dashboard" time="0.135" /><testcase classname="backend.tests.test_lottery_features.TestSwissLottoMode" name="test_swiss_lotto_master_predictor_basic" time="0.189" /><testcase classname="backend.tests.test_lottery_features.TestSwissLottoMode" name="test_swiss_lotto_with_birthday" time="0.153" /><testcase classname="backend.tests.test_lottery_features.TestSwissLottoMode" name="test_swiss_lotto_with_name" time="0.143" /><testcase classname="backend.tests.test_lottery_features.TestSwissLottoMode" name="test_swiss_lotto_lock_positions" time="0.136" /><testcase classname="backend.tests.test_lottery_features.TestSwissLottoMode" name="test_swiss_lotto_max_locks_validation" time="0.113" /><testcase classname="backend.tests.test_lottery_features.TestSwissLottoMode" name="test_swiss_lotto_multi_tickets" time="0.188" /><testcase classname="backend.tests.test_lottery_features.TestEuroMillionsMode" name="test_euromillions_health" time="0.114" /><testcase classname="backend.tests.test_lottery_features.TestEuroMillionsMode" name="test_euromillions_stats" time="0.156" /><testcase classname="backend.tests.test_lottery_features.TestEuroMillionsMode" name="test_euromillions_master_predictor_basic" time="0.143" /><testcase classname="backend.tests.test_lottery_features.TestEuroMillionsMode" name="test_euromillions_with_birthday" time="0.216" /><testcase classname="backend.tests.test_lottery_features.TestEuroMillionsMode" name="test_euromillions_with_name" time="0.132" /><testcase classname="backend.tests.test_lottery_features.TestEuroMillionsMode" name="test_euromillions_lock_positions" time="0.148" /><testcase classname="backend.tests.test_lottery_features.TestEuroMillionsMode" name="test_euromillions_multi_tickets" time="0.197" /><testcase classname="backend.tests.test_lottery_features.TestEuroMillionsMode" name="test_euromillions_response_format" time="0.139" /><testcase classname="backend.tests.test_lottery_features.TestCrossFeatures" name="test_swiss_lotto_alternate_numbers" time="0.144" /><testcase classname="backend.tests.test_lottery_features.TestCrossFeatures" name="test_euromillions_confidence_score" time="0.161" /></testsuite></testsuites>