<?xml version="1.0" encoding="utf-8"?><testsuites name="pytest tests"><testsuite name="pytest" errors="0" failures="0" skipped="0" tests="21" time="3.994" timestamp="2026-04-01T17:21:54.271609+00:00" hostname="agent-env-670c39f9-6c7e-45c4-ab0c-f54183a10ac3"><testcase classname="backend.tests.test_lucky_jack.TestMasterPredictor" name="test_master_predictor_returns_main_prediction" time="0.207" /><testcase classname="backend.tests.test_lucky_jack.TestMasterPredictor" name="test_master_predictor_returns_lucky_prediction" time="0.056" /><testcase classname="backend.tests.test_lucky_jack.TestMasterPredictor" name="test_master_predictor_returns_lucky_reason" time="0.182" /><testcase classname="backend.tests.test_lucky_jack.TestMasterPredictor" name="test_master_predictor_with_birthday" time="0.060" /><testcase classname="backend.tests.test_lucky_jack.TestMasterPredictor" name="test_master_predictor_with_name" time="0.191" /><testcase classname="backend.tests.test_lucky_jack.TestMasterPredictor" name="test_master_predictor_returns_alternate_numbers" time="0.057" /><testcase classname="backend.tests.test_lucky_jack.TestMasterPredictor" name="test_master_predictor_returns_confidence" time="0.188" /><testcase classname="backend.tests.test_lucky_jack.TestDrawsEndpoint" name="test_draws_returns_list" time="0.079" /><testcase classname="backend.tests.test_lucky_jack.TestDrawsEndpoint" name="test_draws_contain_required_fields" time="0.199" /><testcase classname="backend.tests.test_lucky_jack.TestDrawsEndpoint" name="test_draws_contain_lucky_number" time="0.263" /><testcase classname="backend.tests.test_lucky_jack.TestDrawsEndpoint" name="test_draws_contain_replay_number" time="0.455" /><testcase classname="backend.tests.test_lucky_jack.TestDrawsEndpoint" name="test_draws_numbers_are_valid" time="0.065" /><testcase classname="backend.tests.test_lucky_jack.TestDrawsEndpoint" name="test_draws_families_are_valid" time="0.474" /><testcase classname="backend.tests.test_lucky_jack.TestDashboardEndpoint" name="test_dashboard_returns_stats" time="0.028" /><testcase classname="backend.tests.test_lucky_jack.TestDashboardEndpoint" name="test_dashboard_contains_hot_numbers" time="0.400" /><testcase classname="backend.tests.test_lucky_jack.TestDashboardEndpoint" name="test_dashboard_contains_cold_numbers" time="0.030" /><testcase classname="backend.tests.test_lucky_jack.TestDashboardEndpoint" name="test_dashboard_contains_group_stats" time="0.056" /><testcase classname="backend.tests.test_lucky_jack.TestDashboardEndpoint" name="test_dashboard_contains_last_draws" time="0.154" /><testcase classname="backend.tests.test_lucky_jack.TestDashboardEndpoint" name="test_dashboard_contains_rare_events" time="0.036" /><testcase classname="backend.tests.test_lucky_jack.TestDashboardEndpoint" name="test_dashboard_contains_chain_links" time="0.027" /><testcase classname="backend.tests.test_lucky_jack.TestAPIRoot" name="test_api_root" time="0.022" /></testsuite></testsuites>