<?xml version="1.0" encoding="utf-8"?><testsuites name="pytest tests"><testsuite name="pytest" errors="0" failures="0" skipped="0" tests="12" time="7.599" timestamp="2026-05-07T11:58:55.730920+00:00" hostname="agent-env-f84b0ced-d226-458f-a22e-f620770805ca"><testcase classname="backend.tests.test_session34_cosmic_voices.TestCosmicVoicesEuroAll" name="test_all_lenses_present" time="1.481" /><testcase classname="backend.tests.test_session34_cosmic_voices.TestCosmicVoicesEuroAll" name="test_rc_detector_anchor" time="0.605" /><testcase classname="backend.tests.test_session34_cosmic_voices.TestCosmicVoicesEuroAll" name="test_internal_mirror_current_tune_28" time="0.440" /><testcase classname="backend.tests.test_session34_cosmic_voices.TestCosmicVoicesEuroAll" name="test_saturation_ledger_includes_47" time="0.499" /><testcase classname="backend.tests.test_session34_cosmic_voices.TestQOpeningMelody" name="test_single_lens_q_melody" time="0.538" /><testcase classname="backend.tests.test_session34_cosmic_voices.TestQOpeningMelody" name="test_unpaid_pairs_canonical" time="0.688" /><testcase classname="backend.tests.test_session34_cosmic_voices.TestCosmicVoicesSwiss" name="test_swiss_all_lenses" time="0.358" /><testcase classname="backend.tests.test_session34_cosmic_voices.TestPinMains" name="test_dj_pin_tag_on_n12" time="0.381" /><testcase classname="backend.tests.test_session34_cosmic_voices.TestInvalidMode" name="test_bad_mode_no_500" time="0.278" /><testcase classname="backend.tests.test_session34_cosmic_voices.TestDjBrainCosmicVoices" name="test_dj_brain_includes_cosmic_voices" time="1.035" /><testcase classname="backend.tests.test_session34_cosmic_voices.TestRegressions" name="test_ghost_counter_swiss_still_works" time="0.485" /><testcase classname="backend.tests.test_session34_cosmic_voices.TestRegressions" name="test_dj_suspects_euro_still_works" time="0.346" /></testsuite></testsuites>