<?xml version="1.0" encoding="utf-8"?><testsuites name="pytest tests"><testsuite name="pytest" errors="0" failures="0" skipped="0" tests="6" time="1.861" timestamp="2026-05-06T18:55:39.307482+00:00" hostname="agent-env-5831949c-a49e-4ca1-882a-35a844df275a"><testcase classname="backend.tests.test_session33_ghost_counter.TestGhostCounterSwiss" name="test_swiss_06_05_2026" time="0.416" /><testcase classname="backend.tests.test_session33_ghost_counter.TestGhostCounterEuro" name="test_euro_08_05_2026" time="0.115" /><testcase classname="backend.tests.test_session33_ghost_counter.TestGhostCounterInvalid" name="test_invalid_mode_returns_error" time="0.086" /><testcase classname="backend.tests.test_session33_ghost_counter.TestDjBrainGhostCounter" name="test_dj_brain_existing_keys_intact" time="0.341" /><testcase classname="backend.tests.test_session33_ghost_counter.TestDjBrainGhostCounter" name="test_dj_brain_includes_ghost_counter" time="0.405" /><testcase classname="backend.tests.test_session33_ghost_counter.TestDjOrchestraRegression" name="test_dj_orchestra_returns_tickets" time="0.336" /></testsuite></testsuites>