<?xml version="1.0" encoding="utf-8"?><testsuites name="pytest tests"><testsuite name="pytest" errors="0" failures="0" skipped="0" tests="15" time="1.859" timestamp="2026-05-12T10:50:18.738070+00:00" hostname="agent-env-a3373a33-bde6-4ec2-9798-87a51874d5cb"><testcase classname="tests.test_session39_ghost_engine.TestGhostLedgerSwiss" name="test_status_200" time="0.404" /><testcase classname="tests.test_session39_ghost_engine.TestGhostLedgerSwiss" name="test_top_level_keys" time="0.082" /><testcase classname="tests.test_session39_ghost_engine.TestGhostLedgerSwiss" name="test_convergence_shape" time="0.082" /><testcase classname="tests.test_session39_ghost_engine.TestGhostLedgerSwiss" name="test_alive_ghosts_shape" time="0.085" /><testcase classname="tests.test_session39_ghost_engine.TestGhostLedgerSwiss" name="test_arithmetic_ledger_has_births" time="0.077" /><testcase classname="tests.test_session39_ghost_engine.TestGhostLedgerSwiss" name="test_quarter_shape_present" time="0.079" /><testcase classname="tests.test_session39_ghost_engine.TestGhostLedgerEuro" name="test_status_200" time="0.138" /><testcase classname="tests.test_session39_ghost_engine.TestGhostLedgerEuro" name="test_top_level_keys" time="0.078" /><testcase classname="tests.test_session39_ghost_engine.TestGhostLedgerEuro" name="test_euro_range" time="0.084" /><testcase classname="tests.test_session39_ghost_engine.TestGhostLedgerEuro" name="test_different_from_swiss" time="0.175" /><testcase classname="tests.test_session39_ghost_engine.TestGhostLedgerEdge" name="test_invalid_mode_no_500" time="0.047" /><testcase classname="tests.test_session39_ghost_engine.TestGhostLedgerEdge" name="test_invalid_date_no_500" time="0.049" /><testcase classname="tests.test_session39_ghost_engine.TestGhostLedgerEdge" name="test_lookback_param_respected" time="0.076" /><testcase classname="tests.test_session39_ghost_engine.TestRegressions" name="test_cosmic_voices_still_works" time="0.129" /><testcase classname="tests.test_session39_ghost_engine.TestRegressions" name="test_ghost_counter_swiss_still_works" time="0.087" /></testsuite></testsuites>