<?xml version="1.0" encoding="utf-8"?><testsuites name="pytest tests"><testsuite name="pytest" errors="0" failures="0" skipped="0" tests="19" time="5.142" timestamp="2026-04-14T16:44:37.948832+00:00" hostname="agent-env-5bea751e-3055-4917-812d-0f080c6737c8"><testcase classname="backend.tests.test_euromillions_sleeper_patterns.TestSleeperForecastEndpoint" name="test_sleeper_forecast_returns_200" time="0.610" /><testcase classname="backend.tests.test_euromillions_sleeper_patterns.TestSleeperForecastEndpoint" name="test_sleeper_forecast_response_structure" time="0.523" /><testcase classname="backend.tests.test_euromillions_sleeper_patterns.TestSleeperForecastEndpoint" name="test_sleeper_report_structure" time="0.562" /><testcase classname="backend.tests.test_euromillions_sleeper_patterns.TestSleeperForecastEndpoint" name="test_star_sleepers_structure" time="0.529" /><testcase classname="backend.tests.test_euromillions_sleeper_patterns.TestSleeperForecastEndpoint" name="test_forecast_structure" time="0.537" /><testcase classname="backend.tests.test_euromillions_sleeper_patterns.TestSleeperForecastEndpoint" name="test_engine_stats" time="0.502" /><testcase classname="backend.tests.test_euromillions_sleeper_patterns.TestMoneyModeEndpoint" name="test_money_mode_returns_200" time="0.256" /><testcase classname="backend.tests.test_euromillions_sleeper_patterns.TestMoneyModeEndpoint" name="test_money_mode_response_structure" time="0.190" /><testcase classname="backend.tests.test_euromillions_sleeper_patterns.TestMoneyModeEndpoint" name="test_money_mode_ticket_structure" time="0.181" /><testcase classname="backend.tests.test_euromillions_sleeper_patterns.TestMoneyModeEndpoint" name="test_money_mode_patterns_include_new_patterns" time="0.203" /><testcase classname="backend.tests.test_euromillions_sleeper_patterns.TestDJPatternsIntegration" name="test_master_predictor_uses_dj_engine" time="0.408" /><testcase classname="backend.tests.test_euromillions_sleeper_patterns.TestDJPatternsIntegration" name="test_reverse_twin_pattern_function" time="0.003" /><testcase classname="backend.tests.test_euromillions_sleeper_patterns.TestDJPatternsIntegration" name="test_day_times_month_minus_10_pattern_function" time="0.001" /><testcase classname="backend.tests.test_euromillions_sleeper_patterns.TestDJPatternsIntegration" name="test_day_times_month_edge_cases" time="0.001" /><testcase classname="backend.tests.test_euromillions_sleeper_patterns.TestSleeperEngineModule" name="test_sleeper_engine_imports" time="0.001" /><testcase classname="backend.tests.test_euromillions_sleeper_patterns.TestSleeperEngineModule" name="test_detect_sleepers_function" time="0.002" /><testcase classname="backend.tests.test_euromillions_sleeper_patterns.TestSleeperEngineModule" name="test_predict_next_n_draws_function" time="0.007" /><testcase classname="backend.tests.test_euromillions_sleeper_patterns.TestEuroMillionsDataAvailability" name="test_euromillions_draws_endpoint" time="0.249" /><testcase classname="backend.tests.test_euromillions_sleeper_patterns.TestEuroMillionsDataAvailability" name="test_euromillions_stats_endpoint" time="0.190" /></testsuite></testsuites>